=== 系统状态 2026-03-29 16:25:21 ===
Git:    c080db9 chore: internal_pool.json任务池状态更新 - 9/11完成 1失败 1待执行
Token:  4396/4500 (97.7%)
Portal: ok (agents=5)
Portfolio: ¥1835
Pending queue: 0 条
=== 系统状态 2026-03-29 21:44:01 ===
Git:    50235c3 chore: 20:43 heartbeat批量任务
Token:  4445/4500 (98.8%)
Portal: ok (agents=5)
Portfolio: ¥1835
Pending queue: 0 条
=== 系统状态 2026-03-29 21:44:02 ===
Git:    50235c3 chore: 20:43 heartbeat批量任务
Token:  4445/4500 (98.8%)
Portal: ok (agents=5)
Portfolio: ¥1835
Pending queue: 0 条
=== 系统状态 2026-03-29 21:44:02 ===
Git:    50235c3 chore: 20:43 heartbeat批量任务
Token:  4445/4500 (98.8%)
Portal: ok (agents=5)
Portfolio: ¥1835
Pending queue: 0 条
